2025-03-04  8:32:01 0 [Note] Starting MariaDB 10.4.32-MariaDB source revision c4143f909528e3fab0677a28631d10389354c491 as process 16348
2025-03-04  8:32:01 0 [Note] InnoDB: Mutexes and rw_locks use Windows interlocked functions
2025-03-04  8:32:01 0 [Note] InnoDB: Uses event mutexes
2025-03-04  8:32:01 0 [Note] InnoDB: Compressed tables use zlib 1.3
2025-03-04  8:32:01 0 [Note] InnoDB: Number of pools: 1
2025-03-04  8:32:01 0 [Note] InnoDB: Using SSE2 crc32 instructions
2025-03-04  8:32:01 0 [Note] InnoDB: Initializing buffer pool, total size = 16M, instances = 1, chunk size = 16M
2025-03-04  8:32:01 0 [Note] InnoDB: Completed initialization of buffer pool
2025-03-04  8:32:01 0 [Note] InnoDB: Starting crash recovery from checkpoint LSN=300288
2025-03-04  8:32:02 0 [Note] InnoDB: 128 out of 128 rollback segments are active.
2025-03-04  8:32:02 0 [Note] InnoDB: Removed temporary tablespace data file: "ibtmp1"
2025-03-04  8:32:02 0 [Note] InnoDB: Creating shared tablespace for temporary tables
2025-03-04  8:32:02 0 [Note] InnoDB: Setting file 'C:\Users\reox\Desktop\xampp\mysql\data\ibtmp1' size to 12 MB. Physically writing the file full; Please wait ...
2025-03-04  8:32:02 0 [Note] InnoDB: File 'C:\Users\reox\Desktop\xampp\mysql\data\ibtmp1' size is now 12 MB.
2025-03-04  8:32:02 0 [Note] InnoDB: Waiting for purge to start
2025-03-04  8:32:02 0 [Note] InnoDB: 10.4.32 started; log sequence number 300297; transaction id 170
2025-03-04  8:32:02 0 [Note] InnoDB: Loading buffer pool(s) from C:\Users\reox\Desktop\xampp\mysql\data\ib_buffer_pool
2025-03-04  8:32:02 0 [Note] Plugin 'FEEDBACK' is disabled.
2025-03-04  8:32:02 0 [Note] InnoDB: Buffer pool(s) load completed at 250304  8:32:02
2025-03-04  8:32:02 0 [Note] Server socket created on IP: '::'.
2025-03-04  8:32:02 0 [ERROR] Can't start server: Bind on TCP/IP port. Got error: 10048: Solo se permite un uso de cada dirección de socket (protocolo/dirección de red/puerto)

2025-03-04  8:32:02 0 [ERROR] Do you already have another mysqld server running on port: 3306 ?
2025-03-04  8:32:02 0 [ERROR] Aborting
2025-03-24  9:11:58 0 [Note] Starting MariaDB 10.4.32-MariaDB source revision c4143f909528e3fab0677a28631d10389354c491 as process 16536
2025-03-24  9:11:58 0 [Note] InnoDB: Mutexes and rw_locks use Windows interlocked functions
2025-03-24  9:11:58 0 [Note] InnoDB: Uses event mutexes
2025-03-24  9:11:58 0 [Note] InnoDB: Compressed tables use zlib 1.3
2025-03-24  9:11:58 0 [Note] InnoDB: Number of pools: 1
2025-03-24  9:11:58 0 [Note] InnoDB: Using SSE2 crc32 instructions
2025-03-24  9:11:58 0 [Note] InnoDB: Initializing buffer pool, total size = 16M, instances = 1, chunk size = 16M
2025-03-24  9:11:58 0 [Note] InnoDB: Completed initialization of buffer pool
2025-03-24  9:11:58 0 [Note] InnoDB: 128 out of 128 rollback segments are active.
2025-03-24  9:11:58 0 [Note] InnoDB: Creating shared tablespace for temporary tables
2025-03-24  9:11:58 0 [Note] InnoDB: Setting file 'C:\Users\reox\Desktop\xampp\mysql\data\ibtmp1' size to 12 MB. Physically writing the file full; Please wait ...
2025-03-24  9:11:58 0 [Note] InnoDB: File 'C:\Users\reox\Desktop\xampp\mysql\data\ibtmp1' size is now 12 MB.
2025-03-24  9:11:58 0 [Note] InnoDB: Waiting for purge to start
2025-03-24  9:11:58 0 [Note] InnoDB: 10.4.32 started; log sequence number 300306; transaction id 170
2025-03-24  9:11:58 0 [Note] Plugin 'FEEDBACK' is disabled.
2025-03-24  9:11:58 0 [Note] InnoDB: Loading buffer pool(s) from C:\Users\reox\Desktop\xampp\mysql\data\ib_buffer_pool
2025-03-24  9:11:58 0 [Note] InnoDB: Buffer pool(s) load completed at 250324  9:11:58
2025-03-24  9:11:58 0 [Note] Server socket created on IP: '::'.
2025-03-24  9:11:58 0 [ERROR] Can't start server: Bind on TCP/IP port. Got error: 10048: Solo se permite un uso de cada dirección de socket (protocolo/dirección de red/puerto)

2025-03-24  9:11:58 0 [ERROR] Do you already have another mysqld server running on port: 3306 ?
2025-03-24  9:11:58 0 [ERROR] Aborting
